<?xml version="1.0" encoding="utf-8"?><testsuites name="pytest tests"><testsuite name="pytest" errors="0" failures="0" skipped="0" tests="15" time="8.338" timestamp="2026-05-30T09:08:47.436728+00:00" hostname="agent-env-fbe765d4-3bc7-4337-b43a-fdc15cfe2259"><testcase classname="backend.tests.test_backend.TestAuth" name="test_login_success" time="0.739" /><testcase classname="backend.tests.test_backend.TestAuth" name="test_login_invalid" time="0.548" /><testcase classname="backend.tests.test_backend.TestAuth" name="test_me_with_token" time="1.036" /><testcase classname="backend.tests.test_backend.TestAuth" name="test_me_unauthorized" time="0.205" /><testcase classname="backend.tests.test_backend.TestAuth" name="test_menu_unauthorized" time="0.174" /><testcase classname="backend.tests.test_backend.TestAuth" name="test_inventory_unauthorized" time="0.191" /><testcase classname="backend.tests.test_backend.TestAuth" name="test_orders_unauthorized" time="0.158" /><testcase classname="backend.tests.test_backend.TestCategories" name="test_categories" time="0.207" /><testcase classname="backend.tests.test_backend.TestMenuSeed" name="test_menu_seed_count_and_prices" time="0.194" /><testcase classname="backend.tests.test_backend.TestInventorySeed" name="test_inventory_seed" time="0.191" /><testcase classname="backend.tests.test_backend.TestMenuCRUD" name="test_menu_crud" time="1.060" /><testcase classname="backend.tests.test_backend.TestInventoryCRUD" name="test_inventory_crud" time="0.532" /><testcase classname="backend.tests.test_backend.TestTablesCRUD" name="test_tables_crud" time="0.544" /><testcase classname="backend.tests.test_backend.TestOrdersAndDecrement" name="test_inventory_decrement_with_tray_conversion" time="1.910" /><testcase classname="backend.tests.test_backend.TestOrdersAndDecrement" name="test_empty_order_rejected" time="0.153" /></testsuite></testsuites>